<?xml version="1.0" encoding="UTF-8"?>
<!-- Generated by org.testng.reporters.JUnitReportReporter -->
<testsuite skipped="0" hostname="MX-60010073" name="fr.mutex.qualif.espaceemployeur.test2" tests="1" failures="0" timestamp="2020-04-09T18:45:36 CEST" time="73.439" errors="0">
  <testcase name="loginCorrectCredentialsTest" time="73.439" classname="fr.mutex.qualif.espaceemployeur.test2"/>
  <system-out/>
</testsuite> <!-- fr.mutex.qualif.espaceemployeur.test2 -->
