<?xml version="1.0" encoding="UTF-8"?>
<!-- Generated by org.testng.reporters.JUnitReportReporter -->
<testsuite skipped="0" hostname="MX-60010073" name="fr.mutex.qualif.espaceemployeur.EESoDig135" tests="1" failures="0" timestamp="2020-04-02T19:22:28 CEST" time="105.837" errors="0">
  <testcase name="SoDig135" time="105.837" classname="fr.mutex.qualif.espaceemployeur.EESoDig135"/>
  <system-out/>
</testsuite> <!-- fr.mutex.qualif.espaceemployeur.EESoDig135 -->
