<?xml version="1.0" encoding="UTF-8"?>
<!-- Generated by org.testng.reporters.JUnitReportReporter -->
<testsuite skipped="0" hostname="MX-60010073" name="fr.mutex.qualif.espaceemployeur.EESoDig177" tests="1" failures="0" timestamp="2020-04-02T19:00:31 CEST" time="106.800" errors="0">
  <testcase name="SoDig177" time="106.800" classname="fr.mutex.qualif.espaceemployeur.EESoDig177"/>
  <system-out/>
</testsuite> <!-- fr.mutex.qualif.espaceemployeur.EESoDig177 -->
